fatal: not a git repository (or any parent up to mount point /)
Stopping at filesystem boundary (GIT_DISCOVERY_ACROSS_FILESYSTEM not set).
fatal: not a git repository (or any parent up to mount point /)
Stopping at filesystem boundary (GIT_DISCOVERY_ACROSS_FILESYSTEM not set).
fatal: not a git repository (or any parent up to mount point /)
Stopping at filesystem boundary (GIT_DISCOVERY_ACROSS_FILESYSTEM not set).
2021-05-23 22:23:52,763 - mmpose - INFO - Environment info:
------------------------------------------------------------
sys.platform: linux
Python: 3.9.2 (default, Mar  3 2021, 20:02:32) [GCC 7.3.0]
CUDA available: True
GPU 0,1,2,3: GeForce RTX 2080 Ti
CUDA_HOME: /usr/local/cuda
NVCC: Build cuda_11.0_bu.TC445_37.28845127_0
GCC: gcc (GCC) 4.8.5 20150623 (Red Hat 4.8.5-28)
PyTorch: 1.7.1
PyTorch compiling details: PyTorch built with:
  - GCC 7.3
  - C++ Version: 201402
  - Intel(R) Math Kernel Library Version 2020.0.4 Product Build 20200917 for Intel(R) 64 architecture applications
  - Intel(R) MKL-DNN v1.6.0 (Git Hash 5ef631a030a6f73131c77892041042805a06064f)
  - OpenMP 201511 (a.k.a. OpenMP 4.5)
  - NNPACK is enabled
  - CPU capability usage: AVX2
  - CUDA Runtime 11.0
  - NVCC architecture flags: -gencode;arch=compute_37,code=sm_37;-gencode;arch=compute_50,code=sm_50;-gencode;arch=compute_60,code=sm_60;-gencode;arch=compute_61,code=sm_61;-gencode;arch=compute_70,code=sm_70;-gencode;arch=compute_75,code=sm_75;-gencode;arch=compute_80,code=sm_80;-gencode;arch=compute_37,code=compute_37
  - CuDNN 8.0.5
  - Magma 2.5.2
  - Build settings: BLAS=MKL, BUILD_TYPE=Release, CXX_FLAGS= -Wno-deprecated -fvisibility-inlines-hidden -DUSE_PTHREADPOOL -fopenmp -DNDEBUG -DUSE_FBGEMM -DUSE_QNNPACK -DUSE_PYTORCH_QNNPACK -DUSE_XNNPACK -DUSE_VULKAN_WRAPPER -O2 -fPIC -Wno-narrowing -Wall -Wextra -Werror=return-type -Wno-missing-field-initializers -Wno-type-limits -Wno-array-bounds -Wno-unknown-pragmas -Wno-sign-compare -Wno-unused-parameter -Wno-unused-variable -Wno-unused-function -Wno-unused-result -Wno-unused-local-typedefs -Wno-strict-overflow -Wno-strict-aliasing -Wno-error=deprecated-declarations -Wno-stringop-overflow -Wno-psabi -Wno-error=pedantic -Wno-error=redundant-decls -Wno-error=old-style-cast -fdiagnostics-color=always -faligned-new -Wno-unused-but-set-variable -Wno-maybe-uninitialized -fno-math-errno -fno-trapping-math -Werror=format -Wno-stringop-overflow, PERF_WITH_AVX=1, PERF_WITH_AVX2=1, PERF_WITH_AVX512=1, USE_CUDA=ON, USE_EXCEPTION_PTR=1, USE_GFLAGS=OFF, USE_GLOG=OFF, USE_MKL=ON, USE_MKLDNN=ON, USE_MPI=OFF, USE_NCCL=ON, USE_NNPACK=ON, USE_OPENMP=ON, 

TorchVision: 0.8.2
OpenCV: 4.5.1
MMCV: 1.3.2
MMCV Compiler: n/a
MMCV CUDA Compiler: n/a
MMPose: 0.13.0+
------------------------------------------------------------

2021-05-23 22:23:52,764 - mmpose - INFO - Distributed training: True
fatal: not a git repository (or any parent up to mount point /)
Stopping at filesystem boundary (GIT_DISCOVERY_ACROSS_FILESYSTEM not set).
2021-05-23 22:23:56,408 - mmpose - INFO - Config:
log_level = 'INFO'
load_from = None
resume_from = None
dist_params = dict(backend='nccl')
workflow = [('train', 1)]
checkpoint_config = dict(interval=10)
evaluation = dict(interval=10, metric='mAP')
optimizer = dict(type='Adam', lr=0.002)
optimizer_config = dict(grad_clip=None)
lr_config = dict(
    policy='step',
    warmup='linear',
    warmup_iters=500,
    warmup_ratio=0.001,
    step=[170, 200])
total_epochs = 210
log_config = dict(
    interval=50,
    hooks=[dict(type='TextLoggerHook'),
           dict(type='TensorboardLoggerHook')])
channel_cfg = dict(
    num_output_channels=17,
    dataset_joints=17,
    dataset_channel=[[
        0, 1, 2, 3, 4, 5, 6, 7, 8, 9, 10, 11, 12, 13, 14, 15, 16
    ]],
    inference_channel=[
        0, 1, 2, 3, 4, 5, 6, 7, 8, 9, 10, 11, 12, 13, 14, 15, 16
    ])
model = dict(
    type='TopDown',
    pretrained=None,
    backbone=dict(
        type='EAHRNet_ghost_bottleneck',
        in_channels=3,
        extra=dict(
            stem=dict(stem_channels=32, out_channels=32, expand_ratio=1),
            num_stages=3,
            stages_spec=dict(
                num_modules=(2, 4, 2),
                num_branches=(2, 3, 4),
                num_blocks=(2, 2, 2),
                module_type=('LITE', 'LITE', 'LITE'),
                with_fuse=(True, True, True),
                reduce_ratios=(8, 8, 8),
                num_channels=((40, 80), (40, 80, 160), (40, 80, 160, 320))),
            with_head=True)),
    keypoint_head=dict(
        type='TopDownSimpleHead',
        in_channels=40,
        out_channels=17,
        num_deconv_layers=0,
        extra=dict(final_conv_kernel=1)),
    train_cfg=dict(),
    test_cfg=dict(
        flip_test=True,
        post_process=True,
        shift_heatmap=True,
        unbiased_decoding=False,
        modulate_kernel=11),
    loss_pose=dict(type='JointsMSELoss', use_target_weight=True))
data_cfg = dict(
    image_size=[192, 256],
    heatmap_size=[48, 64],
    num_output_channels=17,
    num_joints=17,
    dataset_channel=[[
        0, 1, 2, 3, 4, 5, 6, 7, 8, 9, 10, 11, 12, 13, 14, 15, 16
    ]],
    inference_channel=[
        0, 1, 2, 3, 4, 5, 6, 7, 8, 9, 10, 11, 12, 13, 14, 15, 16
    ],
    soft_nms=False,
    nms_thr=1.0,
    oks_thr=0.9,
    vis_thr=0.2,
    bbox_thr=1.0,
    use_gt_bbox=False,
    image_thr=0.0,
    bbox_file=
    'data/coco/person_detection_results/COCO_val2017_detections_AP_H_56_person.json'
)
val_data_cfg = dict(
    image_size=[192, 256],
    heatmap_size=[48, 64],
    num_output_channels=17,
    num_joints=17,
    dataset_channel=[[
        0, 1, 2, 3, 4, 5, 6, 7, 8, 9, 10, 11, 12, 13, 14, 15, 16
    ]],
    inference_channel=[
        0, 1, 2, 3, 4, 5, 6, 7, 8, 9, 10, 11, 12, 13, 14, 15, 16
    ],
    soft_nms=False,
    nms_thr=1.0,
    oks_thr=0.9,
    vis_thr=0.2,
    bbox_thr=1.0,
    use_gt_bbox=True,
    image_thr=0.0,
    bbox_file=
    'data/coco/person_detection_results/COCO_val2017_detections_AP_H_56_person.json'
)
train_pipeline = [
    dict(type='LoadImageFromFile'),
    dict(type='TopDownRandomFlip', flip_prob=0.5),
    dict(
        type='TopDownHalfBodyTransform',
        num_joints_half_body=8,
        prob_half_body=0.3),
    dict(
        type='TopDownGetRandomScaleRotation', rot_factor=30,
        scale_factor=0.25),
    dict(type='TopDownAffine'),
    dict(type='ToTensor'),
    dict(
        type='NormalizeTensor',
        mean=[0.485, 0.456, 0.406],
        std=[0.229, 0.224, 0.225]),
    dict(type='TopDownGenerateTarget', sigma=2),
    dict(
        type='Collect',
        keys=['img', 'target', 'target_weight'],
        meta_keys=[
            'image_file', 'joints_3d', 'joints_3d_visible', 'center', 'scale',
            'rotation', 'bbox_score', 'flip_pairs'
        ])
]
val_pipeline = [
    dict(type='LoadImageFromFile'),
    dict(type='TopDownAffine'),
    dict(type='ToTensor'),
    dict(
        type='NormalizeTensor',
        mean=[0.485, 0.456, 0.406],
        std=[0.229, 0.224, 0.225]),
    dict(
        type='Collect',
        keys=['img'],
        meta_keys=[
            'image_file', 'center', 'scale', 'rotation', 'bbox_score',
            'flip_pairs'
        ])
]
test_pipeline = [
    dict(type='LoadImageFromFile'),
    dict(type='TopDownAffine'),
    dict(type='ToTensor'),
    dict(
        type='NormalizeTensor',
        mean=[0.485, 0.456, 0.406],
        std=[0.229, 0.224, 0.225]),
    dict(
        type='Collect',
        keys=['img'],
        meta_keys=[
            'image_file', 'center', 'scale', 'rotation', 'bbox_score',
            'flip_pairs'
        ])
]
data_root = '/home/ytwang/dataset/COCO2017'
data = dict(
    samples_per_gpu=64,
    workers_per_gpu=4,
    train=dict(
        type='TopDownCocoDataset',
        ann_file=
        '/home/ytwang/dataset/COCO2017/annotations/person_keypoints_train2017.json',
        img_prefix='/home/ytwang/dataset/COCO2017/train2017/',
        data_cfg=dict(
            image_size=[192, 256],
            heatmap_size=[48, 64],
            num_output_channels=17,
            num_joints=17,
            dataset_channel=[[
                0, 1, 2, 3, 4, 5, 6, 7, 8, 9, 10, 11, 12, 13, 14, 15, 16
            ]],
            inference_channel=[
                0, 1, 2, 3, 4, 5, 6, 7, 8, 9, 10, 11, 12, 13, 14, 15, 16
            ],
            soft_nms=False,
            nms_thr=1.0,
            oks_thr=0.9,
            vis_thr=0.2,
            bbox_thr=1.0,
            use_gt_bbox=False,
            image_thr=0.0,
            bbox_file=
            'data/coco/person_detection_results/COCO_val2017_detections_AP_H_56_person.json'
        ),
        pipeline=[
            dict(type='LoadImageFromFile'),
            dict(type='TopDownRandomFlip', flip_prob=0.5),
            dict(
                type='TopDownHalfBodyTransform',
                num_joints_half_body=8,
                prob_half_body=0.3),
            dict(
                type='TopDownGetRandomScaleRotation',
                rot_factor=30,
                scale_factor=0.25),
            dict(type='TopDownAffine'),
            dict(type='ToTensor'),
            dict(
                type='NormalizeTensor',
                mean=[0.485, 0.456, 0.406],
                std=[0.229, 0.224, 0.225]),
            dict(type='TopDownGenerateTarget', sigma=2),
            dict(
                type='Collect',
                keys=['img', 'target', 'target_weight'],
                meta_keys=[
                    'image_file', 'joints_3d', 'joints_3d_visible', 'center',
                    'scale', 'rotation', 'bbox_score', 'flip_pairs'
                ])
        ]),
    val=dict(
        type='TopDownCocoDataset',
        ann_file=
        '/home/ytwang/dataset/COCO2017/annotations/person_keypoints_val2017.json',
        img_prefix='/home/ytwang/dataset/COCO2017/val2017/',
        data_cfg=dict(
            image_size=[192, 256],
            heatmap_size=[48, 64],
            num_output_channels=17,
            num_joints=17,
            dataset_channel=[[
                0, 1, 2, 3, 4, 5, 6, 7, 8, 9, 10, 11, 12, 13, 14, 15, 16
            ]],
            inference_channel=[
                0, 1, 2, 3, 4, 5, 6, 7, 8, 9, 10, 11, 12, 13, 14, 15, 16
            ],
            soft_nms=False,
            nms_thr=1.0,
            oks_thr=0.9,
            vis_thr=0.2,
            bbox_thr=1.0,
            use_gt_bbox=True,
            image_thr=0.0,
            bbox_file=
            'data/coco/person_detection_results/COCO_val2017_detections_AP_H_56_person.json'
        ),
        pipeline=[
            dict(type='LoadImageFromFile'),
            dict(type='TopDownAffine'),
            dict(type='ToTensor'),
            dict(
                type='NormalizeTensor',
                mean=[0.485, 0.456, 0.406],
                std=[0.229, 0.224, 0.225]),
            dict(
                type='Collect',
                keys=['img'],
                meta_keys=[
                    'image_file', 'center', 'scale', 'rotation', 'bbox_score',
                    'flip_pairs'
                ])
        ]),
    test=dict(
        type='TopDownCocoDataset',
        ann_file=
        '/home/ytwang/dataset/COCO2017/annotations/person_keypoints_val2017.json',
        img_prefix='/home/ytwang/dataset/COCO2017/val2017/',
        data_cfg=dict(
            image_size=[192, 256],
            heatmap_size=[48, 64],
            num_output_channels=17,
            num_joints=17,
            dataset_channel=[[
                0, 1, 2, 3, 4, 5, 6, 7, 8, 9, 10, 11, 12, 13, 14, 15, 16
            ]],
            inference_channel=[
                0, 1, 2, 3, 4, 5, 6, 7, 8, 9, 10, 11, 12, 13, 14, 15, 16
            ],
            soft_nms=False,
            nms_thr=1.0,
            oks_thr=0.9,
            vis_thr=0.2,
            bbox_thr=1.0,
            use_gt_bbox=False,
            image_thr=0.0,
            bbox_file=
            'data/coco/person_detection_results/COCO_val2017_detections_AP_H_56_person.json'
        ),
        pipeline=[
            dict(type='LoadImageFromFile'),
            dict(type='TopDownAffine'),
            dict(type='ToTensor'),
            dict(
                type='NormalizeTensor',
                mean=[0.485, 0.456, 0.406],
                std=[0.229, 0.224, 0.225]),
            dict(
                type='Collect',
                keys=['img'],
                meta_keys=[
                    'image_file', 'center', 'scale', 'rotation', 'bbox_score',
                    'flip_pairs'
                ])
        ]))
work_dir = './work_dirs/eahrnet_18_coco_256x192_ghost_bottleneck'
gpu_ids = range(0, 1)

loading annotations into memory...
loading annotations into memory...
loading annotations into memory...
loading annotations into memory...
Done (t=8.44s)
creating index...
Done (t=8.52s)
creating index...
Done (t=8.68s)
creating index...
index created!
index created!
Done (t=9.05s)
creating index...
index created!
index created!
=> num_images: 118287
=> load 149813 samples
fatal: not a git repository (or any parent up to mount point /)
Stopping at filesystem boundary (GIT_DISCOVERY_ACROSS_FILESYSTEM not set).
=> num_images: 118287
=> load 149813 samples
fatal: not a git repository (or any parent up to mount point /)
Stopping at filesystem boundary (GIT_DISCOVERY_ACROSS_FILESYSTEM not set).
=> num_images: 118287
=> load 149813 samples
=> num_images: 118287
=> load 149813 samples
fatal: not a git repository (or any parent up to mount point /)
Stopping at filesystem boundary (GIT_DISCOVERY_ACROSS_FILESYSTEM not set).
fatal: not a git repository (or any parent up to mount point /)
Stopping at filesystem boundary (GIT_DISCOVERY_ACROSS_FILESYSTEM not set).
loading annotations into memory...
Done (t=0.25s)
creating index...
index created!
=> num_images: 5000
=> load 6352 samples
2021-05-23 22:24:18,300 - mmpose - INFO - Start running, host: ytwang@gpu01, work_dir: /home/ytwang/wyt_workspace/PoseEstimation/mmpose/work_dirs/eahrnet_18_coco_256x192_ghost_bottleneck
2021-05-23 22:24:18,300 - mmpose - INFO - workflow: [('train', 1)], max: 210 epochs
loading annotations into memory...
loading annotations into memory...
loading annotations into memory...
Done (t=0.24s)
creating index...
Done (t=0.25s)
creating index...
Done (t=0.25s)
creating index...
index created!
index created!
index created!
=> num_images: 5000
=> load 6352 samples
=> num_images: 5000
=> load 6352 samples
=> num_images: 5000
=> load 6352 samples
2021-05-23 22:26:29,876 - mmpose - INFO - Epoch [1][50/585]	lr: 1.978e-04, eta: 3 days, 17:38:27, time: 2.628, data_time: 2.005, memory: 6207, mse_loss: 0.0023, acc_pose: 0.0729, loss: 0.0023
2021-05-23 22:26:56,433 - mmpose - INFO - Epoch [1][100/585]	lr: 3.976e-04, eta: 2 days, 5:52:11, time: 0.532, data_time: 0.002, memory: 6207, mse_loss: 0.0021, acc_pose: 0.1836, loss: 0.0021
2021-05-23 22:27:23,380 - mmpose - INFO - Epoch [1][150/585]	lr: 5.974e-04, eta: 1 day, 18:01:37, time: 0.539, data_time: 0.001, memory: 6207, mse_loss: 0.0020, acc_pose: 0.2483, loss: 0.0020
2021-05-23 22:27:49,815 - mmpose - INFO - Epoch [1][200/585]	lr: 7.972e-04, eta: 1 day, 12:00:16, time: 0.528, data_time: 0.001, memory: 6207, mse_loss: 0.0019, acc_pose: 0.2911, loss: 0.0019
2021-05-23 22:28:16,507 - mmpose - INFO - Epoch [1][250/585]	lr: 9.970e-04, eta: 1 day, 8:25:48, time: 0.534, data_time: 0.001, memory: 6207, mse_loss: 0.0018, acc_pose: 0.3246, loss: 0.0018
2021-05-23 22:28:43,097 - mmpose - INFO - Epoch [1][300/585]	lr: 1.197e-03, eta: 1 day, 6:01:54, time: 0.532, data_time: 0.001, memory: 6207, mse_loss: 0.0018, acc_pose: 0.3646, loss: 0.0018
2021-05-23 22:29:10,133 - mmpose - INFO - Epoch [1][350/585]	lr: 1.397e-03, eta: 1 day, 4:21:32, time: 0.541, data_time: 0.001, memory: 6207, mse_loss: 0.0017, acc_pose: 0.3732, loss: 0.0017
2021-05-23 22:29:36,263 - mmpose - INFO - Epoch [1][400/585]	lr: 1.596e-03, eta: 1 day, 3:01:36, time: 0.523, data_time: 0.001, memory: 6207, mse_loss: 0.0017, acc_pose: 0.3979, loss: 0.0017
2021-05-23 22:30:03,032 - mmpose - INFO - Epoch [1][450/585]	lr: 1.796e-03, eta: 1 day, 2:01:58, time: 0.534, data_time: 0.001, memory: 6207, mse_loss: 0.0017, acc_pose: 0.4251, loss: 0.0017
2021-05-23 22:30:29,502 - mmpose - INFO - Epoch [1][500/585]	lr: 1.996e-03, eta: 1 day, 1:13:19, time: 0.530, data_time: 0.002, memory: 6207, mse_loss: 0.0016, acc_pose: 0.4334, loss: 0.0016
2021-05-23 22:30:55,623 - mmpose - INFO - Epoch [1][550/585]	lr: 2.000e-03, eta: 1 day, 0:31:58, time: 0.522, data_time: 0.001, memory: 6207, mse_loss: 0.0016, acc_pose: 0.4527, loss: 0.0016
2021-05-23 22:33:32,959 - mmpose - INFO - Epoch [2][50/585]	lr: 2.000e-03, eta: 1 day, 4:19:31, time: 2.653, data_time: 1.942, memory: 6207, mse_loss: 0.0015, acc_pose: 0.4771, loss: 0.0015
2021-05-23 22:33:59,478 - mmpose - INFO - Epoch [2][100/585]	lr: 2.000e-03, eta: 1 day, 3:33:41, time: 0.531, data_time: 0.001, memory: 6207, mse_loss: 0.0015, acc_pose: 0.4767, loss: 0.0015
2021-05-23 22:34:25,999 - mmpose - INFO - Epoch [2][150/585]	lr: 2.000e-03, eta: 1 day, 2:54:00, time: 0.530, data_time: 0.000, memory: 6207, mse_loss: 0.0015, acc_pose: 0.5061, loss: 0.0015
2021-05-23 22:34:52,561 - mmpose - INFO - Epoch [2][200/585]	lr: 2.000e-03, eta: 1 day, 2:19:23, time: 0.531, data_time: 0.000, memory: 6207, mse_loss: 0.0015, acc_pose: 0.5053, loss: 0.0015
2021-05-23 22:35:19,239 - mmpose - INFO - Epoch [2][250/585]	lr: 2.000e-03, eta: 1 day, 1:49:12, time: 0.534, data_time: 0.001, memory: 6207, mse_loss: 0.0015, acc_pose: 0.5075, loss: 0.0015
2021-05-23 22:35:45,153 - mmpose - INFO - Epoch [2][300/585]	lr: 2.000e-03, eta: 1 day, 1:20:31, time: 0.518, data_time: 0.001, memory: 6207, mse_loss: 0.0014, acc_pose: 0.5227, loss: 0.0014
2021-05-23 22:36:12,109 - mmpose - INFO - Epoch [2][350/585]	lr: 2.000e-03, eta: 1 day, 0:57:09, time: 0.539, data_time: 0.001, memory: 6207, mse_loss: 0.0014, acc_pose: 0.5190, loss: 0.0014
2021-05-23 22:36:38,469 - mmpose - INFO - Epoch [2][400/585]	lr: 2.000e-03, eta: 1 day, 0:35:01, time: 0.528, data_time: 0.001, memory: 6207, mse_loss: 0.0014, acc_pose: 0.5277, loss: 0.0014
2021-05-23 22:37:05,031 - mmpose - INFO - Epoch [2][450/585]	lr: 2.000e-03, eta: 1 day, 0:15:14, time: 0.531, data_time: 0.000, memory: 6207, mse_loss: 0.0014, acc_pose: 0.5372, loss: 0.0014
2021-05-23 22:37:31,068 - mmpose - INFO - Epoch [2][500/585]	lr: 2.000e-03, eta: 23:56:12, time: 0.520, data_time: 0.001, memory: 6207, mse_loss: 0.0014, acc_pose: 0.5354, loss: 0.0014
2021-05-23 22:37:58,060 - mmpose - INFO - Epoch [2][550/585]	lr: 2.000e-03, eta: 23:40:44, time: 0.541, data_time: 0.008, memory: 6207, mse_loss: 0.0014, acc_pose: 0.5488, loss: 0.0014
